<?xml version="1.0" encoding="UTF-8"?>
<!-- Generated by org.testng.reporters.JUnitReportReporter -->
<testsuite hostname="TTCPU724232" failures="0" tests="6" name="TestCases.TestHotelInvoice" time="54.537" errors="0" timestamp="17 Apr 2021 10:07:02 GMT" skipped="0">
  <testcase classname="TestCases.TestHotelInvoice" name="VerifyHotelBookingPage" time="3.378"/>
  <testcase classname="TestCases.TestHotelInvoice" name="VerifyDownloadHotelInvoice" time="18.270"/>
  <testcase classname="TestCases.TestHotelInvoice" name="VerifyHotelInvoicePage" time="0.754"/>
  <testcase classname="TestCases.TestHotelInvoice" name="VerifyInvoiceDetails" time="0.137"/>
  <testcase classname="TestCases.TestHotelInvoice" name="VerifyLinksOnInvoice" time="23.887"/>
  <testcase classname="TestCases.TestHotelInvoice" name="VerifyRaiseDispute" time="8.111"/>
</testsuite> <!-- TestCases.TestHotelInvoice -->
